2019-10-22 23:18:24 - PHP Notice:  Undefined variable: logo in C:\openServer\OpenServer\domains\opencart.loc\catalog\view\theme\apple\template\common\footer.tpl on line 55
2019-10-22 23:19:24 - PHP Notice:  Undefined variable: logo in C:\openServer\OpenServer\domains\opencart.loc\catalog\view\theme\apple\template\common\footer.tpl on line 55
2019-10-22 23:20:15 - PHP Notice:  Undefined variable: logo in C:\openServer\OpenServer\domains\opencart.loc\catalog\view\theme\apple\template\common\footer.tpl on line 55
2019-10-22 23:23:58 - PHP Notice:  Undefined variable: logo in C:\openServer\OpenServer\domains\opencart.loc\catalog\view\theme\apple\template\common\footer.tpl on line 55
2019-10-22 23:49:42 - PHP Notice:  Undefined variable: logo in C:\openServer\OpenServer\domains\opencart.loc\catalog\view\theme\apple\template\common\footer.tpl on line 55
2019-10-22 23:52:10 - PHP Notice:  Undefined variable: logo in C:\openServer\OpenServer\domains\opencart.loc\catalog\view\theme\apple\template\common\footer.tpl on line 55
2019-10-22 23:52:39 - PHP Notice:  Undefined variable: logo in C:\openServer\OpenServer\domains\opencart.loc\catalog\view\theme\apple\template\common\footer.tpl on line 55
2019-10-23 0:17:48 - PHP Notice:  Undefined variable: logo in C:\openServer\OpenServer\domains\opencart.loc\catalog\view\theme\apple\template\common\footer.tpl on line 10
2019-10-23 0:17:48 - PHP Notice:  Undefined variable: telephone in C:\openServer\OpenServer\domains\opencart.loc\catalog\view\theme\apple\template\common\footer.tpl on line 55
2019-10-24 16:22:11 - PHP Notice:  Undefined variable: logo in C:\openServer\OpenServer\domains\opencart.loc\catalog\view\theme\apple\template\common\footer.tpl on line 10
2019-10-24 16:22:11 - PHP Notice:  Undefined variable: telephone in C:\openServer\OpenServer\domains\opencart.loc\catalog\view\theme\apple\template\common\footer.tpl on line 55
2019-10-24 16:55:59 - PHP Notice:  Undefined variable: server in C:\openServer\OpenServer\domains\opencart.loc\system\storage\modification\catalog\controller\common\footer.php on line 6
2019-10-24 16:55:59 - PHP Notice:  Undefined variable: home in C:\openServer\OpenServer\domains\opencart.loc\catalog\view\theme\apple\template\common\footer.tpl on line 11
2019-10-24 16:55:59 - PHP Notice:  Undefined variable: name in C:\openServer\OpenServer\domains\opencart.loc\catalog\view\theme\apple\template\common\footer.tpl on line 12
2019-10-24 16:57:34 - PHP Notice:  Undefined variable: server in C:\openServer\OpenServer\domains\opencart.loc\system\storage\modification\catalog\controller\common\footer.php on line 6
2019-10-24 16:57:34 - PHP Notice:  Undefined variable: home in C:\openServer\OpenServer\domains\opencart.loc\catalog\view\theme\apple\template\common\footer.tpl on line 11
2019-10-24 16:57:34 - PHP Notice:  Undefined variable: name in C:\openServer\OpenServer\domains\opencart.loc\catalog\view\theme\apple\template\common\footer.tpl on line 12
2019-10-24 16:57:44 - PHP Notice:  Undefined variable: server in C:\openServer\OpenServer\domains\opencart.loc\system\storage\modification\catalog\controller\common\footer.php on line 6
2019-10-24 16:57:44 - PHP Notice:  Undefined variable: home in C:\openServer\OpenServer\domains\opencart.loc\catalog\view\theme\apple\template\common\footer.tpl on line 11
2019-10-24 16:57:44 - PHP Notice:  Undefined variable: name in C:\openServer\OpenServer\domains\opencart.loc\catalog\view\theme\apple\template\common\footer.tpl on line 12
2019-10-24 16:59:50 - PHP Notice:  Undefined variable: server in C:\openServer\OpenServer\domains\opencart.loc\system\storage\modification\catalog\controller\common\footer.php on line 6
2019-10-24 16:59:50 - PHP Notice:  Undefined variable: home in C:\openServer\OpenServer\domains\opencart.loc\catalog\view\theme\apple\template\common\footer.tpl on line 11
2019-10-24 16:59:50 - PHP Notice:  Undefined variable: name in C:\openServer\OpenServer\domains\opencart.loc\catalog\view\theme\apple\template\common\footer.tpl on line 12
2019-10-24 17:03:40 - PHP Notice:  Undefined variable: home in C:\openServer\OpenServer\domains\opencart.loc\catalog\view\theme\apple\template\common\footer.tpl on line 11
2019-10-24 17:03:40 - PHP Notice:  Undefined variable: name in C:\openServer\OpenServer\domains\opencart.loc\catalog\view\theme\apple\template\common\footer.tpl on line 12
